<?xml version="1.0" encoding="UTF-8"?>
<testng-results ignored="0" total="2" passed="2" failed="0" skipped="0">
  <reporter-output>
  </reporter-output>
  <suite started-at="2024-02-10T12:49:51 EST" name="Default suite" finished-at="2024-02-10T12:50:19 EST" duration-ms="28378">
    <groups>
    </groups>
    <test started-at="2024-02-10T12:49:51 EST" name="Default test" finished-at="2024-02-10T12:50:19 EST" duration-ms="28378">
      <class name="testcases.DropDown">
        <test-method is-config="true" signature="openAmazonApp()[pri:0, instance:testcases.DropDown@7db12bb6]" started-at="2024-02-10T12:49:51 EST" name="openAmazonApp" finished-at="2024-02-10T12:50:10 EST" duration-ms="18473" status="PASS">
          <reporter-output>
          </reporter-output>
        </test-method> <!-- openAmazonApp -->
        <test-method signature="findLinks()[pri:0, instance:testcases.DropDown@7db12bb6]" started-at="2024-02-10T12:50:10 EST" name="findLinks" finished-at="2024-02-10T12:50:11 EST" duration-ms="1292" status="PASS">
          <reporter-output>
          </reporter-output>
        </test-method> <!-- findLinks -->
        <test-method signature="OpenAccounts()[pri:4, instance:testcases.DropDown@7db12bb6]" started-at="2024-02-10T12:50:11 EST" name="OpenAccounts" finished-at="2024-02-10T12:50:19 EST" duration-ms="7731" status="PASS">
          <reporter-output>
          </reporter-output>
        </test-method> <!-- OpenAccounts -->
        <test-method is-config="true" signature="closeApplication()[pri:0, instance:testcases.DropDown@7db12bb6]" started-at="2024-02-10T12:50:19 EST" name="closeApplication" finished-at="2024-02-10T12:50:19 EST" duration-ms="785" status="PASS">
          <reporter-output>
          </reporter-output>
        </test-method> <!-- closeApplication -->
      </class> <!-- testcases.DropDown -->
    </test> <!-- Default test -->
  </suite> <!-- Default suite -->
</testng-results>
